The system is: Linux - 4.18.0-553.47.1.el8_10.x86_64 - x86_64
Compiling the C compiler identification source file "CMakeCCompilerId.c" succeeded.
Compiler: /export/apps/GCC/gcc-9.3.0-bin/bin/gcc 
Build flags: 
Id flags:  

The output was:
0


Compilation of the C compiler identification source "CMakeCCompilerId.c" produced "a.out"

The C compiler identification is GNU, found in "/export/home/mastergpugrp03/SAXPY/image/build/CMakeFiles/3.21.4/CompilerIdC/a.out"

Compiling the CXX compiler identification source file "CMakeCXXCompilerId.cpp" succeeded.
Compiler: /export/apps/GCC/gcc-9.3.0-bin/bin/c++ 
Build flags: 
Id flags:  

The output was:
0


Compilation of the CXX compiler identification source "CMakeCXXCompilerId.cpp" produced "a.out"

The CXX compiler identification is GNU, found in "/export/home/mastergpugrp03/SAXPY/image/build/CMakeFiles/3.21.4/CompilerIdCXX/a.out"

Detecting C compiler ABI info compiled with the following output:
Change Dir: /export/home/mastergpugrp03/SAXPY/image/build/CMakeFiles/CMakeTmp

Run Build Command(s):/usr/bin/gmake -f Makefile cmTC_b5805/fast && gmake: Warning: File 'Makefile' has modification time 95 s in the future
/usr/bin/gmake  -f CMakeFiles/cmTC_b5805.dir/build.make CMakeFiles/cmTC_b5805.dir/build
gmake[1]: Entering directory '/export/home/mastergpugrp03/SAXPY/image/build/CMakeFiles/CMakeTmp'
gmake[1]: Warning: File 'CMakeFiles/cmTC_b5805.dir/flags.make' has modification time 95 s in the future
Building C object CMakeFiles/cmTC_b5805.dir/CMakeCCompilerABI.c.o
/export/apps/GCC/gcc-9.3.0-bin/bin/gcc   -v -o CMakeFiles/cmTC_b5805.dir/CMakeCCompilerABI.c.o -c /export/apps/cmake/cmake-3.21.4/share/cmake-3.21/Modules/CMakeCCompilerABI.c
Using built-in specs.
COLLECT_GCC=/export/apps/GCC/gcc-9.3.0-bin/bin/gcc
Target: x86_64-pc-linux-gnu
Configured with: ../gcc-9.3.0/configure --prefix=/export/apps/GCC/gcc-9.3.0-bin --enable-languages=c,c++,fortran --disable-multilib
Thread model: posix
gcc version 9.3.0 (GCC) 
COLLECT_GCC_OPTIONS='-v' '-o' 'CMakeFiles/cmTC_b5805.dir/CMakeCCompilerABI.c.o' '-c' '-mtune=generic' '-march=x86-64'
 /export/apps/GCC/gcc-9.3.0-bin/libexec/gcc/x86_64-pc-linux-gnu/9.3.0/cc1 -quiet -v /export/apps/cmake/cmake-3.21.4/share/cmake-3.21/Modules/CMakeCCompilerABI.c -quiet -dumpbase CMakeCCompilerABI.c -mtune=generic -march=x86-64 -auxbase-strip CMakeFiles/cmTC_b5805.dir/CMakeCCompilerABI.c.o -version -o /tmp/ccS27eJI.s
GNU C17 (GCC) version 9.3.0 (x86_64-pc-linux-gnu)
	compiled by GNU C version 9.3.0, GMP version 6.0.0, MPFR version 3.1.1, MPC version 1.0.1, isl version none
warning: GMP header version 6.0.0 differs from library version 6.1.2.
warning: MPFR header version 3.1.1 differs from library version 3.1.6-p2.
warning: MPC header version 1.0.1 differs from library version 1.1.0.
GGC heuristics: --param ggc-min-expand=100 --param ggc-min-heapsize=131072
ignoring nonexistent directory "/export/apps/GCC/gcc-9.3.0-bin/lib/gcc/x86_64-pc-linux-gnu/9.3.0/../../../../x86_64-pc-linux-gnu/include"
#include "..." search starts here:
#include <...> search starts here:
 /usr/local/cuda-10.1/include
 /export/apps/GCC/gcc-9.3.0-bin/lib/gcc/x86_64-pc-linux-gnu/9.3.0/include
 /usr/local/include
 /export/apps/GCC/gcc-9.3.0-bin/include
 /export/apps/GCC/gcc-9.3.0-bin/lib/gcc/x86_64-pc-linux-gnu/9.3.0/include-fixed
 /usr/include
End of search list.
GNU C17 (GCC) version 9.3.0 (x86_64-pc-linux-gnu)
	compiled by GNU C version 9.3.0, GMP version 6.0.0, MPFR version 3.1.1, MPC version 1.0.1, isl version none
warning: GMP header version 6.0.0 differs from library version 6.1.2.
warning: MPFR header version 3.1.1 differs from library version 3.1.6-p2.
warning: MPC header version 1.0.1 differs from library version 1.1.0.
GGC heuristics: --param ggc-min-expand=100 --param ggc-min-heapsize=131072
Compiler executable checksum: 7a5054c9fb3b58ee57335b077450241e
COLLECT_GCC_OPTIONS='-v' '-o' 'CMakeFiles/cmTC_b5805.dir/CMakeCCompilerABI.c.o' '-c' '-mtune=generic' '-march=x86-64'
 as -v --64 -o CMakeFiles/cmTC_b5805.dir/CMakeCCompilerABI.c.o /tmp/ccS27eJI.s
GNU assembler version 2.30 (x86_64-redhat-linux) using BFD version version 2.30-125.el8_10
COMPILER_PATH=/export/apps/GCC/gcc-9.3.0-bin/libexec/gcc/x86_64-pc-linux-gnu/9.3.0/:/export/apps/GCC/gcc-9.3.0-bin/libexec/gcc/x86_64-pc-linux-gnu/9.3.0/:/export/apps/GCC/gcc-9.3.0-bin/libexec/gcc/x86_64-pc-linux-gnu/:/export/apps/GCC/gcc-9.3.0-bin/lib/gcc/x86_64-pc-linux-gnu/9.3.0/:/export/apps/GCC/gcc-9.3.0-bin/lib/gcc/x86_64-pc-linux-gnu/
LIBRARY_PATH=/export/apps/GCC/gcc-9.3.0-bin/lib/gcc/x86_64-pc-linux-gnu/9.3.0/:/export/apps/GCC/gcc-9.3.0-bin/lib/gcc/x86_64-pc-linux-gnu/9.3.0/../../../../lib64/:/lib/../lib64/:/usr/lib/../lib64/:/export/apps/GCC/gcc-9.3.0-bin/lib/gcc/x86_64-pc-linux-gnu/9.3.0/../../../:/lib/:/usr/lib/
COLLECT_GCC_OPTIONS='-v' '-o' 'CMakeFiles/cmTC_b5805.dir/CMakeCCompilerABI.c.o' '-c' '-mtune=generic' '-march=x86-64'
Linking C executable cmTC_b5805
/export/apps/cmake/cmake-3.21.4/bin/cmake -E cmake_link_script CMakeFiles/cmTC_b5805.dir/link.txt --verbose=1
/export/apps/GCC/gcc-9.3.0-bin/bin/gcc  -v -rdynamic CMakeFiles/cmTC_b5805.dir/CMakeCCompilerABI.c.o -o cmTC_b5805 
Using built-in specs.
COLLECT_GCC=/export/apps/GCC/gcc-9.3.0-bin/bin/gcc
COLLECT_LTO_WRAPPER=/export/apps/GCC/gcc-9.3.0-bin/libexec/gcc/x86_64-pc-linux-gnu/9.3.0/lto-wrapper
Target: x86_64-pc-linux-gnu
Configured with: ../gcc-9.3.0/configure --prefix=/export/apps/GCC/gcc-9.3.0-bin --enable-languages=c,c++,fortran --disable-multilib
Thread model: posix
gcc version 9.3.0 (GCC) 
COMPILER_PATH=/export/apps/GCC/gcc-9.3.0-bin/libexec/gcc/x86_64-pc-linux-gnu/9.3.0/:/export/apps/GCC/gcc-9.3.0-bin/libexec/gcc/x86_64-pc-linux-gnu/9.3.0/:/export/apps/GCC/gcc-9.3.0-bin/libexec/gcc/x86_64-pc-linux-gnu/:/export/apps/GCC/gcc-9.3.0-bin/lib/gcc/x86_64-pc-linux-gnu/9.3.0/:/export/apps/GCC/gcc-9.3.0-bin/lib/gcc/x86_64-pc-linux-gnu/
LIBRARY_PATH=/export/apps/GCC/gcc-9.3.0-bin/lib/gcc/x86_64-pc-linux-gnu/9.3.0/:/export/apps/GCC/gcc-9.3.0-bin/lib/gcc/x86_64-pc-linux-gnu/9.3.0/../../../../lib64/:/lib/../lib64/:/usr/lib/../lib64/:/export/apps/GCC/gcc-9.3.0-bin/lib/gcc/x86_64-pc-linux-gnu/9.3.0/../../../:/lib/:/usr/lib/
COLLECT_GCC_OPTIONS='-v' '-rdynamic' '-o' 'cmTC_b5805' '-mtune=generic' '-march=x86-64'
 /export/apps/GCC/gcc-9.3.0-bin/libexec/gcc/x86_64-pc-linux-gnu/9.3.0/collect2 -plugin /export/apps/GCC/gcc-9.3.0-bin/libexec/gcc/x86_64-pc-linux-gnu/9.3.0/liblto_plugin.so -plugin-opt=/export/apps/GCC/gcc-9.3.0-bin/libexec/gcc/x86_64-pc-linux-gnu/9.3.0/lto-wrapper -plugin-opt=-fresolution=/tmp/ccPNz7jH.res -plugin-opt=-pass-through=-lgcc -plugin-opt=-pass-through=-lgcc_s -plugin-opt=-pass-through=-lc -plugin-opt=-pass-through=-lgcc -plugin-opt=-pass-through=-lgcc_s --eh-frame-hdr -m elf_x86_64 -export-dynamic -dynamic-linker /lib64/ld-linux-x86-64.so.2 -o cmTC_b5805 /lib/../lib64/crt1.o /lib/../lib64/crti.o /export/apps/GCC/gcc-9.3.0-bin/lib/gcc/x86_64-pc-linux-gnu/9.3.0/crtbegin.o -L/export/apps/GCC/gcc-9.3.0-bin/lib/gcc/x86_64-pc-linux-gnu/9.3.0 -L/export/apps/GCC/gcc-9.3.0-bin/lib/gcc/x86_64-pc-linux-gnu/9.3.0/../../../../lib64 -L/lib/../lib64 -L/usr/lib/../lib64 -L/export/apps/GCC/gcc-9.3.0-bin/lib/gcc/x86_64-pc-linux-gnu/9.3.0/../../.. CMakeFiles/cmTC_b5805.dir/CMakeCCompilerABI.c.o -lgcc --as-needed -lgcc_s --no-as-needed -lc -lgcc --as-needed -lgcc_s --no-as-needed /export/apps/GCC/gcc-9.3.0-bin/lib/gcc/x86_64-pc-linux-gnu/9.3.0/crtend.o /lib/../lib64/crtn.o
COLLECT_GCC_OPTIONS='-v' '-rdynamic' '-o' 'cmTC_b5805' '-mtune=generic' '-march=x86-64'
gmake[1]: warning:  Clock skew detected.  Your build may be incomplete.
gmake[1]: Leaving directory '/export/home/mastergpugrp03/SAXPY/image/build/CMakeFiles/CMakeTmp'
gmake: warning:  Clock skew detected.  Your build may be incomplete.



Parsed C implicit include dir info from above output: rv=done
  found start of include info
  found start of implicit include info
    add: [/usr/local/cuda-10.1/include]
    add: [/export/apps/GCC/gcc-9.3.0-bin/lib/gcc/x86_64-pc-linux-gnu/9.3.0/include]
    add: [/usr/local/include]
    add: [/export/apps/GCC/gcc-9.3.0-bin/include]
    add: [/export/apps/GCC/gcc-9.3.0-bin/lib/gcc/x86_64-pc-linux-gnu/9.3.0/include-fixed]
    add: [/usr/include]
  end of search list found
  collapse include dir [/usr/local/cuda-10.1/include] ==> [/usr/local/cuda-10.1/include]
  collapse include dir [/export/apps/GCC/gcc-9.3.0-bin/lib/gcc/x86_64-pc-linux-gnu/9.3.0/include] ==> [/export/apps/GCC/gcc-9.3.0-bin/lib/gcc/x86_64-pc-linux-gnu/9.3.0/include]
  collapse include dir [/usr/local/include] ==> [/usr/local/include]
  collapse include dir [/export/apps/GCC/gcc-9.3.0-bin/include] ==> [/export/apps/GCC/gcc-9.3.0-bin/include]
  collapse include dir [/export/apps/GCC/gcc-9.3.0-bin/lib/gcc/x86_64-pc-linux-gnu/9.3.0/include-fixed] ==> [/export/apps/GCC/gcc-9.3.0-bin/lib/gcc/x86_64-pc-linux-gnu/9.3.0/include-fixed]
  collapse include dir [/usr/include] ==> [/usr/include]
  implicit include dirs: [/usr/local/cuda-10.1/include;/export/apps/GCC/gcc-9.3.0-bin/lib/gcc/x86_64-pc-linux-gnu/9.3.0/include;/usr/local/include;/export/apps/GCC/gcc-9.3.0-bin/include;/export/apps/GCC/gcc-9.3.0-bin/lib/gcc/x86_64-pc-linux-gnu/9.3.0/include-fixed;/usr/include]


Parsed C implicit link information from above output:
  link line regex: [^( *|.*[/\])(ld|CMAKE_LINK_STARTFILE-NOTFOUND|([^/\]+-)?ld|collect2)[^/\]*( |$)]
  ignore line: [Change Dir: /export/home/mastergpugrp03/SAXPY/image/build/CMakeFiles/CMakeTmp]
  ignore line: []
  ignore line: [Run Build Command(s):/usr/bin/gmake -f Makefile cmTC_b5805/fast && gmake: Warning: File 'Makefile' has modification time 95 s in the future]
  ignore line: [/usr/bin/gmake  -f CMakeFiles/cmTC_b5805.dir/build.make CMakeFiles/cmTC_b5805.dir/build]
  ignore line: [gmake[1]: Entering directory '/export/home/mastergpugrp03/SAXPY/image/build/CMakeFiles/CMakeTmp']
  ignore line: [gmake[1]: Warning: File 'CMakeFiles/cmTC_b5805.dir/flags.make' has modification time 95 s in the future]
  ignore line: [Building C object CMakeFiles/cmTC_b5805.dir/CMakeCCompilerABI.c.o]
  ignore line: [/export/apps/GCC/gcc-9.3.0-bin/bin/gcc   -v -o CMakeFiles/cmTC_b5805.dir/CMakeCCompilerABI.c.o -c /export/apps/cmake/cmake-3.21.4/share/cmake-3.21/Modules/CMakeCCompilerABI.c]
  ignore line: [Using built-in specs.]
  ignore line: [COLLECT_GCC=/export/apps/GCC/gcc-9.3.0-bin/bin/gcc]
  ignore line: [Target: x86_64-pc-linux-gnu]
  ignore line: [Configured with: ../gcc-9.3.0/configure --prefix=/export/apps/GCC/gcc-9.3.0-bin --enable-languages=c c++ fortran --disable-multilib]
  ignore line: [Thread model: posix]
  ignore line: [gcc version 9.3.0 (GCC) ]
  ignore line: [COLLECT_GCC_OPTIONS='-v' '-o' 'CMakeFiles/cmTC_b5805.dir/CMakeCCompilerABI.c.o' '-c' '-mtune=generic' '-march=x86-64']
  ignore line: [ /export/apps/GCC/gcc-9.3.0-bin/libexec/gcc/x86_64-pc-linux-gnu/9.3.0/cc1 -quiet -v /export/apps/cmake/cmake-3.21.4/share/cmake-3.21/Modules/CMakeCCompilerABI.c -quiet -dumpbase CMakeCCompilerABI.c -mtune=generic -march=x86-64 -auxbase-strip CMakeFiles/cmTC_b5805.dir/CMakeCCompilerABI.c.o -version -o /tmp/ccS27eJI.s]
  ignore line: [GNU C17 (GCC) version 9.3.0 (x86_64-pc-linux-gnu)]
  ignore line: [	compiled by GNU C version 9.3.0  GMP version 6.0.0  MPFR version 3.1.1  MPC version 1.0.1  isl version none]
  ignore line: [warning: GMP header version 6.0.0 differs from library version 6.1.2.]
  ignore line: [warning: MPFR header version 3.1.1 differs from library version 3.1.6-p2.]
  ignore line: [warning: MPC header version 1.0.1 differs from library version 1.1.0.]
  ignore line: [GGC heuristics: --param ggc-min-expand=100 --param ggc-min-heapsize=131072]
  ignore line: [ignoring nonexistent directory "/export/apps/GCC/gcc-9.3.0-bin/lib/gcc/x86_64-pc-linux-gnu/9.3.0/../../../../x86_64-pc-linux-gnu/include"]
  ignore line: [#include "..." search starts here:]
  ignore line: [#include <...> search starts here:]
  ignore line: [ /usr/local/cuda-10.1/include]
  ignore line: [ /export/apps/GCC/gcc-9.3.0-bin/lib/gcc/x86_64-pc-linux-gnu/9.3.0/include]
  ignore line: [ /usr/local/include]
  ignore line: [ /export/apps/GCC/gcc-9.3.0-bin/include]
  ignore line: [ /export/apps/GCC/gcc-9.3.0-bin/lib/gcc/x86_64-pc-linux-gnu/9.3.0/include-fixed]
  ignore line: [ /usr/include]
  ignore line: [End of search list.]
  ignore line: [GNU C17 (GCC) version 9.3.0 (x86_64-pc-linux-gnu)]
  ignore line: [	compiled by GNU C version 9.3.0  GMP version 6.0.0  MPFR version 3.1.1  MPC version 1.0.1  isl version none]
  ignore line: [warning: GMP header version 6.0.0 differs from library version 6.1.2.]
  ignore line: [warning: MPFR header version 3.1.1 differs from library version 3.1.6-p2.]
  ignore line: [warning: MPC header version 1.0.1 differs from library version 1.1.0.]
  ignore line: [GGC heuristics: --param ggc-min-expand=100 --param ggc-min-heapsize=131072]
  ignore line: [Compiler executable checksum: 7a5054c9fb3b58ee57335b077450241e]
  ignore line: [COLLECT_GCC_OPTIONS='-v' '-o' 'CMakeFiles/cmTC_b5805.dir/CMakeCCompilerABI.c.o' '-c' '-mtune=generic' '-march=x86-64']
  ignore line: [ as -v --64 -o CMakeFiles/cmTC_b5805.dir/CMakeCCompilerABI.c.o /tmp/ccS27eJI.s]
  ignore line: [GNU assembler version 2.30 (x86_64-redhat-linux) using BFD version version 2.30-125.el8_10]
  ignore line: [COMPILER_PATH=/export/apps/GCC/gcc-9.3.0-bin/libexec/gcc/x86_64-pc-linux-gnu/9.3.0/:/export/apps/GCC/gcc-9.3.0-bin/libexec/gcc/x86_64-pc-linux-gnu/9.3.0/:/export/apps/GCC/gcc-9.3.0-bin/libexec/gcc/x86_64-pc-linux-gnu/:/export/apps/GCC/gcc-9.3.0-bin/lib/gcc/x86_64-pc-linux-gnu/9.3.0/:/export/apps/GCC/gcc-9.3.0-bin/lib/gcc/x86_64-pc-linux-gnu/]
  ignore line: [LIBRARY_PATH=/export/apps/GCC/gcc-9.3.0-bin/lib/gcc/x86_64-pc-linux-gnu/9.3.0/:/export/apps/GCC/gcc-9.3.0-bin/lib/gcc/x86_64-pc-linux-gnu/9.3.0/../../../../lib64/:/lib/../lib64/:/usr/lib/../lib64/:/export/apps/GCC/gcc-9.3.0-bin/lib/gcc/x86_64-pc-linux-gnu/9.3.0/../../../:/lib/:/usr/lib/]
  ignore line: [COLLECT_GCC_OPTIONS='-v' '-o' 'CMakeFiles/cmTC_b5805.dir/CMakeCCompilerABI.c.o' '-c' '-mtune=generic' '-march=x86-64']
  ignore line: [Linking C executable cmTC_b5805]
  ignore line: [/export/apps/cmake/cmake-3.21.4/bin/cmake -E cmake_link_script CMakeFiles/cmTC_b5805.dir/link.txt --verbose=1]
  ignore line: [/export/apps/GCC/gcc-9.3.0-bin/bin/gcc  -v -rdynamic CMakeFiles/cmTC_b5805.dir/CMakeCCompilerABI.c.o -o cmTC_b5805 ]
  ignore line: [Using built-in specs.]
  ignore line: [COLLECT_GCC=/export/apps/GCC/gcc-9.3.0-bin/bin/gcc]
  ignore line: [COLLECT_LTO_WRAPPER=/export/apps/GCC/gcc-9.3.0-bin/libexec/gcc/x86_64-pc-linux-gnu/9.3.0/lto-wrapper]
  ignore line: [Target: x86_64-pc-linux-gnu]
  ignore line: [Configured with: ../gcc-9.3.0/configure --prefix=/export/apps/GCC/gcc-9.3.0-bin --enable-languages=c c++ fortran --disable-multilib]
  ignore line: [Thread model: posix]
  ignore line: [gcc version 9.3.0 (GCC) ]
  ignore line: [COMPILER_PATH=/export/apps/GCC/gcc-9.3.0-bin/libexec/gcc/x86_64-pc-linux-gnu/9.3.0/:/export/apps/GCC/gcc-9.3.0-bin/libexec/gcc/x86_64-pc-linux-gnu/9.3.0/:/export/apps/GCC/gcc-9.3.0-bin/libexec/gcc/x86_64-pc-linux-gnu/:/export/apps/GCC/gcc-9.3.0-bin/lib/gcc/x86_64-pc-linux-gnu/9.3.0/:/export/apps/GCC/gcc-9.3.0-bin/lib/gcc/x86_64-pc-linux-gnu/]
  ignore line: [LIBRARY_PATH=/export/apps/GCC/gcc-9.3.0-bin/lib/gcc/x86_64-pc-linux-gnu/9.3.0/:/export/apps/GCC/gcc-9.3.0-bin/lib/gcc/x86_64-pc-linux-gnu/9.3.0/../../../../lib64/:/lib/../lib64/:/usr/lib/../lib64/:/export/apps/GCC/gcc-9.3.0-bin/lib/gcc/x86_64-pc-linux-gnu/9.3.0/../../../:/lib/:/usr/lib/]
  ignore line: [COLLECT_GCC_OPTIONS='-v' '-rdynamic' '-o' 'cmTC_b5805' '-mtune=generic' '-march=x86-64']
  link line: [ /export/apps/GCC/gcc-9.3.0-bin/libexec/gcc/x86_64-pc-linux-gnu/9.3.0/collect2 -plugin /export/apps/GCC/gcc-9.3.0-bin/libexec/gcc/x86_64-pc-linux-gnu/9.3.0/liblto_plugin.so -plugin-opt=/export/apps/GCC/gcc-9.3.0-bin/libexec/gcc/x86_64-pc-linux-gnu/9.3.0/lto-wrapper -plugin-opt=-fresolution=/tmp/ccPNz7jH.res -plugin-opt=-pass-through=-lgcc -plugin-opt=-pass-through=-lgcc_s -plugin-opt=-pass-through=-lc -plugin-opt=-pass-through=-lgcc -plugin-opt=-pass-through=-lgcc_s --eh-frame-hdr -m elf_x86_64 -export-dynamic -dynamic-linker /lib64/ld-linux-x86-64.so.2 -o cmTC_b5805 /lib/../lib64/crt1.o /lib/../lib64/crti.o /export/apps/GCC/gcc-9.3.0-bin/lib/gcc/x86_64-pc-linux-gnu/9.3.0/crtbegin.o -L/export/apps/GCC/gcc-9.3.0-bin/lib/gcc/x86_64-pc-linux-gnu/9.3.0 -L/export/apps/GCC/gcc-9.3.0-bin/lib/gcc/x86_64-pc-linux-gnu/9.3.0/../../../../lib64 -L/lib/../lib64 -L/usr/lib/../lib64 -L/export/apps/GCC/gcc-9.3.0-bin/lib/gcc/x86_64-pc-linux-gnu/9.3.0/../../.. CMakeFiles/cmTC_b5805.dir/CMakeCCompilerABI.c.o -lgcc --as-needed -lgcc_s --no-as-needed -lc -lgcc --as-needed -lgcc_s --no-as-needed /export/apps/GCC/gcc-9.3.0-bin/lib/gcc/x86_64-pc-linux-gnu/9.3.0/crtend.o /lib/../lib64/crtn.o]
    arg [/export/apps/GCC/gcc-9.3.0-bin/libexec/gcc/x86_64-pc-linux-gnu/9.3.0/collect2] ==> ignore
    arg [-plugin] ==> ignore
    arg [/export/apps/GCC/gcc-9.3.0-bin/libexec/gcc/x86_64-pc-linux-gnu/9.3.0/liblto_plugin.so] ==> ignore
    arg [-plugin-opt=/export/apps/GCC/gcc-9.3.0-bin/libexec/gcc/x86_64-pc-linux-gnu/9.3.0/lto-wrapper] ==> ignore
    arg [-plugin-opt=-fresolution=/tmp/ccPNz7jH.res] ==> ignore
    arg [-plugin-opt=-pass-through=-lgcc] ==> ignore
    arg [-plugin-opt=-pass-through=-lgcc_s] ==> ignore
    arg [-plugin-opt=-pass-through=-lc] ==> ignore
    arg [-plugin-opt=-pass-through=-lgcc] ==> ignore
    arg [-plugin-opt=-pass-through=-lgcc_s] ==> ignore
    arg [--eh-frame-hdr] ==> ignore
    arg [-m] ==> ignore
    arg [elf_x86_64] ==> ignore
    arg [-export-dynamic] ==> ignore
    arg [-dynamic-linker] ==> ignore
    arg [/lib64/ld-linux-x86-64.so.2] ==> ignore
    arg [-o] ==> ignore
    arg [cmTC_b5805] ==> ignore
    arg [/lib/../lib64/crt1.o] ==> obj [/lib/../lib64/crt1.o]
    arg [/lib/../lib64/crti.o] ==> obj [/lib/../lib64/crti.o]
    arg [/export/apps/GCC/gcc-9.3.0-bin/lib/gcc/x86_64-pc-linux-gnu/9.3.0/crtbegin.o] ==> obj [/export/apps/GCC/gcc-9.3.0-bin/lib/gcc/x86_64-pc-linux-gnu/9.3.0/crtbegin.o]
    arg [-L/export/apps/GCC/gcc-9.3.0-bin/lib/gcc/x86_64-pc-linux-gnu/9.3.0] ==> dir [/export/apps/GCC/gcc-9.3.0-bin/lib/gcc/x86_64-pc-linux-gnu/9.3.0]
    arg [-L/export/apps/GCC/gcc-9.3.0-bin/lib/gcc/x86_64-pc-linux-gnu/9.3.0/../../../../lib64] ==> dir [/export/apps/GCC/gcc-9.3.0-bin/lib/gcc/x86_64-pc-linux-gnu/9.3.0/../../../../lib64]
    arg [-L/lib/../lib64] ==> dir [/lib/../lib64]
    arg [-L/usr/lib/../lib64] ==> dir [/usr/lib/../lib64]
    arg [-L/export/apps/GCC/gcc-9.3.0-bin/lib/gcc/x86_64-pc-linux-gnu/9.3.0/../../..] ==> dir [/export/apps/GCC/gcc-9.3.0-bin/lib/gcc/x86_64-pc-linux-gnu/9.3.0/../../..]
    arg [CMakeFiles/cmTC_b5805.dir/CMakeCCompilerABI.c.o] ==> ignore
    arg [-lgcc] ==> lib [gcc]
    arg [--as-needed] ==> ignore
    arg [-lgcc_s] ==> lib [gcc_s]
    arg [--no-as-needed] ==> ignore
    arg [-lc] ==> lib [c]
    arg [-lgcc] ==> lib [gcc]
    arg [--as-needed] ==> ignore
    arg [-lgcc_s] ==> lib [gcc_s]
    arg [--no-as-needed] ==> ignore
    arg [/export/apps/GCC/gcc-9.3.0-bin/lib/gcc/x86_64-pc-linux-gnu/9.3.0/crtend.o] ==> obj [/export/apps/GCC/gcc-9.3.0-bin/lib/gcc/x86_64-pc-linux-gnu/9.3.0/crtend.o]
    arg [/lib/../lib64/crtn.o] ==> obj [/lib/../lib64/crtn.o]
  collapse obj [/lib/../lib64/crt1.o] ==> [/lib64/crt1.o]
  collapse obj [/lib/../lib64/crti.o] ==> [/lib64/crti.o]
  collapse obj [/lib/../lib64/crtn.o] ==> [/lib64/crtn.o]
  collapse library dir [/export/apps/GCC/gcc-9.3.0-bin/lib/gcc/x86_64-pc-linux-gnu/9.3.0] ==> [/export/apps/GCC/gcc-9.3.0-bin/lib/gcc/x86_64-pc-linux-gnu/9.3.0]
  collapse library dir [/export/apps/GCC/gcc-9.3.0-bin/lib/gcc/x86_64-pc-linux-gnu/9.3.0/../../../../lib64] ==> [/export/apps/GCC/gcc-9.3.0-bin/lib64]
  collapse library dir [/lib/../lib64] ==> [/lib64]
  collapse library dir [/usr/lib/../lib64] ==> [/usr/lib64]
  collapse library dir [/export/apps/GCC/gcc-9.3.0-bin/lib/gcc/x86_64-pc-linux-gnu/9.3.0/../../..] ==> [/export/apps/GCC/gcc-9.3.0-bin/lib]
  implicit libs: [gcc;gcc_s;c;gcc;gcc_s]
  implicit objs: [/lib64/crt1.o;/lib64/crti.o;/export/apps/GCC/gcc-9.3.0-bin/lib/gcc/x86_64-pc-linux-gnu/9.3.0/crtbegin.o;/export/apps/GCC/gcc-9.3.0-bin/lib/gcc/x86_64-pc-linux-gnu/9.3.0/crtend.o;/lib64/crtn.o]
  implicit dirs: [/export/apps/GCC/gcc-9.3.0-bin/lib/gcc/x86_64-pc-linux-gnu/9.3.0;/export/apps/GCC/gcc-9.3.0-bin/lib64;/lib64;/usr/lib64;/export/apps/GCC/gcc-9.3.0-bin/lib]
  implicit fwks: []


Detecting CXX compiler ABI info compiled with the following output:
Change Dir: /export/home/mastergpugrp03/SAXPY/image/build/CMakeFiles/CMakeTmp

Run Build Command(s):/usr/bin/gmake -f Makefile cmTC_7c025/fast && gmake: Warning: File 'Makefile' has modification time 95 s in the future
/usr/bin/gmake  -f CMakeFiles/cmTC_7c025.dir/build.make CMakeFiles/cmTC_7c025.dir/build
gmake[1]: Entering directory '/export/home/mastergpugrp03/SAXPY/image/build/CMakeFiles/CMakeTmp'
gmake[1]: Warning: File 'CMakeFiles/cmTC_7c025.dir/flags.make' has modification time 95 s in the future
Building CXX object CMakeFiles/cmTC_7c025.dir/CMakeCXXCompilerABI.cpp.o
/export/apps/GCC/gcc-9.3.0-bin/bin/c++   -v -o CMakeFiles/cmTC_7c025.dir/CMakeCXXCompilerABI.cpp.o -c /export/apps/cmake/cmake-3.21.4/share/cmake-3.21/Modules/CMakeCXXCompilerABI.cpp
Using built-in specs.
COLLECT_GCC=/export/apps/GCC/gcc-9.3.0-bin/bin/c++
Target: x86_64-pc-linux-gnu
Configured with: ../gcc-9.3.0/configure --prefix=/export/apps/GCC/gcc-9.3.0-bin --enable-languages=c,c++,fortran --disable-multilib
Thread model: posix
gcc version 9.3.0 (GCC) 
COLLECT_GCC_OPTIONS='-v' '-o' 'CMakeFiles/cmTC_7c025.dir/CMakeCXXCompilerABI.cpp.o' '-c' '-shared-libgcc' '-mtune=generic' '-march=x86-64'
 /export/apps/GCC/gcc-9.3.0-bin/libexec/gcc/x86_64-pc-linux-gnu/9.3.0/cc1plus -quiet -v -D_GNU_SOURCE /export/apps/cmake/cmake-3.21.4/share/cmake-3.21/Modules/CMakeCXXCompilerABI.cpp -quiet -dumpbase CMakeCXXCompilerABI.cpp -mtune=generic -march=x86-64 -auxbase-strip CMakeFiles/cmTC_7c025.dir/CMakeCXXCompilerABI.cpp.o -version -o /tmp/ccZIIkqV.s
GNU C++14 (GCC) version 9.3.0 (x86_64-pc-linux-gnu)
	compiled by GNU C version 9.3.0, GMP version 6.0.0, MPFR version 3.1.1, MPC version 1.0.1, isl version none
warning: GMP header version 6.0.0 differs from library version 6.1.2.
warning: MPFR header version 3.1.1 differs from library version 3.1.6-p2.
warning: MPC header version 1.0.1 differs from library version 1.1.0.
GGC heuristics: --param ggc-min-expand=100 --param ggc-min-heapsize=131072
ignoring nonexistent directory "/export/apps/GCC/gcc-9.3.0-bin/lib/gcc/x86_64-pc-linux-gnu/9.3.0/../../../../x86_64-pc-linux-gnu/include"
#include "..." search starts here:
#include <...> search starts here:
 /usr/local/cuda-10.1/include
 /export/apps/GCC/gcc-9.3.0-bin/lib/gcc/x86_64-pc-linux-gnu/9.3.0/../../../../include/c++/9.3.0
 /export/apps/GCC/gcc-9.3.0-bin/lib/gcc/x86_64-pc-linux-gnu/9.3.0/../../../../include/c++/9.3.0/x86_64-pc-linux-gnu
 /export/apps/GCC/gcc-9.3.0-bin/lib/gcc/x86_64-pc-linux-gnu/9.3.0/../../../../include/c++/9.3.0/backward
 /export/apps/GCC/gcc-9.3.0-bin/lib/gcc/x86_64-pc-linux-gnu/9.3.0/include
 /usr/local/include
 /export/apps/GCC/gcc-9.3.0-bin/include
 /export/apps/GCC/gcc-9.3.0-bin/lib/gcc/x86_64-pc-linux-gnu/9.3.0/include-fixed
 /usr/include
End of search list.
GNU C++14 (GCC) version 9.3.0 (x86_64-pc-linux-gnu)
	compiled by GNU C version 9.3.0, GMP version 6.0.0, MPFR version 3.1.1, MPC version 1.0.1, isl version none
warning: GMP header version 6.0.0 differs from library version 6.1.2.
warning: MPFR header version 3.1.1 differs from library version 3.1.6-p2.
warning: MPC header version 1.0.1 differs from library version 1.1.0.
GGC heuristics: --param ggc-min-expand=100 --param ggc-min-heapsize=131072
Compiler executable checksum: adc02730c5b758e4e680c978da67720f
COLLECT_GCC_OPTIONS='-v' '-o' 'CMakeFiles/cmTC_7c025.dir/CMakeCXXCompilerABI.cpp.o' '-c' '-shared-libgcc' '-mtune=generic' '-march=x86-64'
 as -v --64 -o CMakeFiles/cmTC_7c025.dir/CMakeCXXCompilerABI.cpp.o /tmp/ccZIIkqV.s
GNU assembler version 2.30 (x86_64-redhat-linux) using BFD version version 2.30-125.el8_10
COMPILER_PATH=/export/apps/GCC/gcc-9.3.0-bin/libexec/gcc/x86_64-pc-linux-gnu/9.3.0/:/export/apps/GCC/gcc-9.3.0-bin/libexec/gcc/x86_64-pc-linux-gnu/9.3.0/:/export/apps/GCC/gcc-9.3.0-bin/libexec/gcc/x86_64-pc-linux-gnu/:/export/apps/GCC/gcc-9.3.0-bin/lib/gcc/x86_64-pc-linux-gnu/9.3.0/:/export/apps/GCC/gcc-9.3.0-bin/lib/gcc/x86_64-pc-linux-gnu/
LIBRARY_PATH=/export/apps/GCC/gcc-9.3.0-bin/lib/gcc/x86_64-pc-linux-gnu/9.3.0/:/export/apps/GCC/gcc-9.3.0-bin/lib/gcc/x86_64-pc-linux-gnu/9.3.0/../../../../lib64/:/lib/../lib64/:/usr/lib/../lib64/:/export/apps/GCC/gcc-9.3.0-bin/lib/gcc/x86_64-pc-linux-gnu/9.3.0/../../../:/lib/:/usr/lib/
COLLECT_GCC_OPTIONS='-v' '-o' 'CMakeFiles/cmTC_7c025.dir/CMakeCXXCompilerABI.cpp.o' '-c' '-shared-libgcc' '-mtune=generic' '-march=x86-64'
Linking CXX executable cmTC_7c025
/export/apps/cmake/cmake-3.21.4/bin/cmake -E cmake_link_script CMakeFiles/cmTC_7c025.dir/link.txt --verbose=1
/export/apps/GCC/gcc-9.3.0-bin/bin/c++  -v -rdynamic CMakeFiles/cmTC_7c025.dir/CMakeCXXCompilerABI.cpp.o -o cmTC_7c025 
Using built-in specs.
COLLECT_GCC=/export/apps/GCC/gcc-9.3.0-bin/bin/c++
COLLECT_LTO_WRAPPER=/export/apps/GCC/gcc-9.3.0-bin/libexec/gcc/x86_64-pc-linux-gnu/9.3.0/lto-wrapper
Target: x86_64-pc-linux-gnu
Configured with: ../gcc-9.3.0/configure --prefix=/export/apps/GCC/gcc-9.3.0-bin --enable-languages=c,c++,fortran --disable-multilib
Thread model: posix
gcc version 9.3.0 (GCC) 
COMPILER_PATH=/export/apps/GCC/gcc-9.3.0-bin/libexec/gcc/x86_64-pc-linux-gnu/9.3.0/:/export/apps/GCC/gcc-9.3.0-bin/libexec/gcc/x86_64-pc-linux-gnu/9.3.0/:/export/apps/GCC/gcc-9.3.0-bin/libexec/gcc/x86_64-pc-linux-gnu/:/export/apps/GCC/gcc-9.3.0-bin/lib/gcc/x86_64-pc-linux-gnu/9.3.0/:/export/apps/GCC/gcc-9.3.0-bin/lib/gcc/x86_64-pc-linux-gnu/
LIBRARY_PATH=/export/apps/GCC/gcc-9.3.0-bin/lib/gcc/x86_64-pc-linux-gnu/9.3.0/:/export/apps/GCC/gcc-9.3.0-bin/lib/gcc/x86_64-pc-linux-gnu/9.3.0/../../../../lib64/:/lib/../lib64/:/usr/lib/../lib64/:/export/apps/GCC/gcc-9.3.0-bin/lib/gcc/x86_64-pc-linux-gnu/9.3.0/../../../:/lib/:/usr/lib/
COLLECT_GCC_OPTIONS='-v' '-rdynamic' '-o' 'cmTC_7c025' '-shared-libgcc' '-mtune=generic' '-march=x86-64'
 /export/apps/GCC/gcc-9.3.0-bin/libexec/gcc/x86_64-pc-linux-gnu/9.3.0/collect2 -plugin /export/apps/GCC/gcc-9.3.0-bin/libexec/gcc/x86_64-pc-linux-gnu/9.3.0/liblto_plugin.so -plugin-opt=/export/apps/GCC/gcc-9.3.0-bin/libexec/gcc/x86_64-pc-linux-gnu/9.3.0/lto-wrapper -plugin-opt=-fresolution=/tmp/cctrZTgz.res -plugin-opt=-pass-through=-lgcc_s -plugin-opt=-pass-through=-lgcc -plugin-opt=-pass-through=-lc -plugin-opt=-pass-through=-lgcc_s -plugin-opt=-pass-through=-lgcc --eh-frame-hdr -m elf_x86_64 -export-dynamic -dynamic-linker /lib64/ld-linux-x86-64.so.2 -o cmTC_7c025 /lib/../lib64/crt1.o /lib/../lib64/crti.o /export/apps/GCC/gcc-9.3.0-bin/lib/gcc/x86_64-pc-linux-gnu/9.3.0/crtbegin.o -L/export/apps/GCC/gcc-9.3.0-bin/lib/gcc/x86_64-pc-linux-gnu/9.3.0 -L/export/apps/GCC/gcc-9.3.0-bin/lib/gcc/x86_64-pc-linux-gnu/9.3.0/../../../../lib64 -L/lib/../lib64 -L/usr/lib/../lib64 -L/export/apps/GCC/gcc-9.3.0-bin/lib/gcc/x86_64-pc-linux-gnu/9.3.0/../../.. CMakeFiles/cmTC_7c025.dir/CMakeCXXCompilerABI.cpp.o -lstdc++ -lm -lgcc_s -lgcc -lc -lgcc_s -lgcc /export/apps/GCC/gcc-9.3.0-bin/lib/gcc/x86_64-pc-linux-gnu/9.3.0/crtend.o /lib/../lib64/crtn.o
COLLECT_GCC_OPTIONS='-v' '-rdynamic' '-o' 'cmTC_7c025' '-shared-libgcc' '-mtune=generic' '-march=x86-64'
gmake[1]: warning:  Clock skew detected.  Your build may be incomplete.
gmake[1]: Leaving directory '/export/home/mastergpugrp03/SAXPY/image/build/CMakeFiles/CMakeTmp'
gmake: warning:  Clock skew detected.  Your build may be incomplete.



Parsed CXX implicit include dir info from above output: rv=done
  found start of include info
  found start of implicit include info
    add: [/usr/local/cuda-10.1/include]
    add: [/export/apps/GCC/gcc-9.3.0-bin/lib/gcc/x86_64-pc-linux-gnu/9.3.0/../../../../include/c++/9.3.0]
    add: [/export/apps/GCC/gcc-9.3.0-bin/lib/gcc/x86_64-pc-linux-gnu/9.3.0/../../../../include/c++/9.3.0/x86_64-pc-linux-gnu]
    add: [/export/apps/GCC/gcc-9.3.0-bin/lib/gcc/x86_64-pc-linux-gnu/9.3.0/../../../../include/c++/9.3.0/backward]
    add: [/export/apps/GCC/gcc-9.3.0-bin/lib/gcc/x86_64-pc-linux-gnu/9.3.0/include]
    add: [/usr/local/include]
    add: [/export/apps/GCC/gcc-9.3.0-bin/include]
    add: [/export/apps/GCC/gcc-9.3.0-bin/lib/gcc/x86_64-pc-linux-gnu/9.3.0/include-fixed]
    add: [/usr/include]
  end of search list found
  collapse include dir [/usr/local/cuda-10.1/include] ==> [/usr/local/cuda-10.1/include]
  collapse include dir [/export/apps/GCC/gcc-9.3.0-bin/lib/gcc/x86_64-pc-linux-gnu/9.3.0/../../../../include/c++/9.3.0] ==> [/export/apps/GCC/gcc-9.3.0-bin/include/c++/9.3.0]
  collapse include dir [/export/apps/GCC/gcc-9.3.0-bin/lib/gcc/x86_64-pc-linux-gnu/9.3.0/../../../../include/c++/9.3.0/x86_64-pc-linux-gnu] ==> [/export/apps/GCC/gcc-9.3.0-bin/include/c++/9.3.0/x86_64-pc-linux-gnu]
  collapse include dir [/export/apps/GCC/gcc-9.3.0-bin/lib/gcc/x86_64-pc-linux-gnu/9.3.0/../../../../include/c++/9.3.0/backward] ==> [/export/apps/GCC/gcc-9.3.0-bin/include/c++/9.3.0/backward]
  collapse include dir [/export/apps/GCC/gcc-9.3.0-bin/lib/gcc/x86_64-pc-linux-gnu/9.3.0/include] ==> [/export/apps/GCC/gcc-9.3.0-bin/lib/gcc/x86_64-pc-linux-gnu/9.3.0/include]
  collapse include dir [/usr/local/include] ==> [/usr/local/include]
  collapse include dir [/export/apps/GCC/gcc-9.3.0-bin/include] ==> [/export/apps/GCC/gcc-9.3.0-bin/include]
  collapse include dir [/export/apps/GCC/gcc-9.3.0-bin/lib/gcc/x86_64-pc-linux-gnu/9.3.0/include-fixed] ==> [/export/apps/GCC/gcc-9.3.0-bin/lib/gcc/x86_64-pc-linux-gnu/9.3.0/include-fixed]
  collapse include dir [/usr/include] ==> [/usr/include]
  implicit include dirs: [/usr/local/cuda-10.1/include;/export/apps/GCC/gcc-9.3.0-bin/include/c++/9.3.0;/export/apps/GCC/gcc-9.3.0-bin/include/c++/9.3.0/x86_64-pc-linux-gnu;/export/apps/GCC/gcc-9.3.0-bin/include/c++/9.3.0/backward;/export/apps/GCC/gcc-9.3.0-bin/lib/gcc/x86_64-pc-linux-gnu/9.3.0/include;/usr/local/include;/export/apps/GCC/gcc-9.3.0-bin/include;/export/apps/GCC/gcc-9.3.0-bin/lib/gcc/x86_64-pc-linux-gnu/9.3.0/include-fixed;/usr/include]


Parsed CXX implicit link information from above output:
  link line regex: [^( *|.*[/\])(ld|CMAKE_LINK_STARTFILE-NOTFOUND|([^/\]+-)?ld|collect2)[^/\]*( |$)]
  ignore line: [Change Dir: /export/home/mastergpugrp03/SAXPY/image/build/CMakeFiles/CMakeTmp]
  ignore line: []
  ignore line: [Run Build Command(s):/usr/bin/gmake -f Makefile cmTC_7c025/fast && gmake: Warning: File 'Makefile' has modification time 95 s in the future]
  ignore line: [/usr/bin/gmake  -f CMakeFiles/cmTC_7c025.dir/build.make CMakeFiles/cmTC_7c025.dir/build]
  ignore line: [gmake[1]: Entering directory '/export/home/mastergpugrp03/SAXPY/image/build/CMakeFiles/CMakeTmp']
  ignore line: [gmake[1]: Warning: File 'CMakeFiles/cmTC_7c025.dir/flags.make' has modification time 95 s in the future]
  ignore line: [Building CXX object CMakeFiles/cmTC_7c025.dir/CMakeCXXCompilerABI.cpp.o]
  ignore line: [/export/apps/GCC/gcc-9.3.0-bin/bin/c++   -v -o CMakeFiles/cmTC_7c025.dir/CMakeCXXCompilerABI.cpp.o -c /export/apps/cmake/cmake-3.21.4/share/cmake-3.21/Modules/CMakeCXXCompilerABI.cpp]
  ignore line: [Using built-in specs.]
  ignore line: [COLLECT_GCC=/export/apps/GCC/gcc-9.3.0-bin/bin/c++]
  ignore line: [Target: x86_64-pc-linux-gnu]
  ignore line: [Configured with: ../gcc-9.3.0/configure --prefix=/export/apps/GCC/gcc-9.3.0-bin --enable-languages=c c++ fortran --disable-multilib]
  ignore line: [Thread model: posix]
  ignore line: [gcc version 9.3.0 (GCC) ]
  ignore line: [COLLECT_GCC_OPTIONS='-v' '-o' 'CMakeFiles/cmTC_7c025.dir/CMakeCXXCompilerABI.cpp.o' '-c' '-shared-libgcc' '-mtune=generic' '-march=x86-64']
  ignore line: [ /export/apps/GCC/gcc-9.3.0-bin/libexec/gcc/x86_64-pc-linux-gnu/9.3.0/cc1plus -quiet -v -D_GNU_SOURCE /export/apps/cmake/cmake-3.21.4/share/cmake-3.21/Modules/CMakeCXXCompilerABI.cpp -quiet -dumpbase CMakeCXXCompilerABI.cpp -mtune=generic -march=x86-64 -auxbase-strip CMakeFiles/cmTC_7c025.dir/CMakeCXXCompilerABI.cpp.o -version -o /tmp/ccZIIkqV.s]
  ignore line: [GNU C++14 (GCC) version 9.3.0 (x86_64-pc-linux-gnu)]
  ignore line: [	compiled by GNU C version 9.3.0  GMP version 6.0.0  MPFR version 3.1.1  MPC version 1.0.1  isl version none]
  ignore line: [warning: GMP header version 6.0.0 differs from library version 6.1.2.]
  ignore line: [warning: MPFR header version 3.1.1 differs from library version 3.1.6-p2.]
  ignore line: [warning: MPC header version 1.0.1 differs from library version 1.1.0.]
  ignore line: [GGC heuristics: --param ggc-min-expand=100 --param ggc-min-heapsize=131072]
  ignore line: [ignoring nonexistent directory "/export/apps/GCC/gcc-9.3.0-bin/lib/gcc/x86_64-pc-linux-gnu/9.3.0/../../../../x86_64-pc-linux-gnu/include"]
  ignore line: [#include "..." search starts here:]
  ignore line: [#include <...> search starts here:]
  ignore line: [ /usr/local/cuda-10.1/include]
  ignore line: [ /export/apps/GCC/gcc-9.3.0-bin/lib/gcc/x86_64-pc-linux-gnu/9.3.0/../../../../include/c++/9.3.0]
  ignore line: [ /export/apps/GCC/gcc-9.3.0-bin/lib/gcc/x86_64-pc-linux-gnu/9.3.0/../../../../include/c++/9.3.0/x86_64-pc-linux-gnu]
  ignore line: [ /export/apps/GCC/gcc-9.3.0-bin/lib/gcc/x86_64-pc-linux-gnu/9.3.0/../../../../include/c++/9.3.0/backward]
  ignore line: [ /export/apps/GCC/gcc-9.3.0-bin/lib/gcc/x86_64-pc-linux-gnu/9.3.0/include]
  ignore line: [ /usr/local/include]
  ignore line: [ /export/apps/GCC/gcc-9.3.0-bin/include]
  ignore line: [ /export/apps/GCC/gcc-9.3.0-bin/lib/gcc/x86_64-pc-linux-gnu/9.3.0/include-fixed]
  ignore line: [ /usr/include]
  ignore line: [End of search list.]
  ignore line: [GNU C++14 (GCC) version 9.3.0 (x86_64-pc-linux-gnu)]
  ignore line: [	compiled by GNU C version 9.3.0  GMP version 6.0.0  MPFR version 3.1.1  MPC version 1.0.1  isl version none]
  ignore line: [warning: GMP header version 6.0.0 differs from library version 6.1.2.]
  ignore line: [warning: MPFR header version 3.1.1 differs from library version 3.1.6-p2.]
  ignore line: [warning: MPC header version 1.0.1 differs from library version 1.1.0.]
  ignore line: [GGC heuristics: --param ggc-min-expand=100 --param ggc-min-heapsize=131072]
  ignore line: [Compiler executable checksum: adc02730c5b758e4e680c978da67720f]
  ignore line: [COLLECT_GCC_OPTIONS='-v' '-o' 'CMakeFiles/cmTC_7c025.dir/CMakeCXXCompilerABI.cpp.o' '-c' '-shared-libgcc' '-mtune=generic' '-march=x86-64']
  ignore line: [ as -v --64 -o CMakeFiles/cmTC_7c025.dir/CMakeCXXCompilerABI.cpp.o /tmp/ccZIIkqV.s]
  ignore line: [GNU assembler version 2.30 (x86_64-redhat-linux) using BFD version version 2.30-125.el8_10]
  ignore line: [COMPILER_PATH=/export/apps/GCC/gcc-9.3.0-bin/libexec/gcc/x86_64-pc-linux-gnu/9.3.0/:/export/apps/GCC/gcc-9.3.0-bin/libexec/gcc/x86_64-pc-linux-gnu/9.3.0/:/export/apps/GCC/gcc-9.3.0-bin/libexec/gcc/x86_64-pc-linux-gnu/:/export/apps/GCC/gcc-9.3.0-bin/lib/gcc/x86_64-pc-linux-gnu/9.3.0/:/export/apps/GCC/gcc-9.3.0-bin/lib/gcc/x86_64-pc-linux-gnu/]
  ignore line: [LIBRARY_PATH=/export/apps/GCC/gcc-9.3.0-bin/lib/gcc/x86_64-pc-linux-gnu/9.3.0/:/export/apps/GCC/gcc-9.3.0-bin/lib/gcc/x86_64-pc-linux-gnu/9.3.0/../../../../lib64/:/lib/../lib64/:/usr/lib/../lib64/:/export/apps/GCC/gcc-9.3.0-bin/lib/gcc/x86_64-pc-linux-gnu/9.3.0/../../../:/lib/:/usr/lib/]
  ignore line: [COLLECT_GCC_OPTIONS='-v' '-o' 'CMakeFiles/cmTC_7c025.dir/CMakeCXXCompilerABI.cpp.o' '-c' '-shared-libgcc' '-mtune=generic' '-march=x86-64']
  ignore line: [Linking CXX executable cmTC_7c025]
  ignore line: [/export/apps/cmake/cmake-3.21.4/bin/cmake -E cmake_link_script CMakeFiles/cmTC_7c025.dir/link.txt --verbose=1]
  ignore line: [/export/apps/GCC/gcc-9.3.0-bin/bin/c++  -v -rdynamic CMakeFiles/cmTC_7c025.dir/CMakeCXXCompilerABI.cpp.o -o cmTC_7c025 ]
  ignore line: [Using built-in specs.]
  ignore line: [COLLECT_GCC=/export/apps/GCC/gcc-9.3.0-bin/bin/c++]
  ignore line: [COLLECT_LTO_WRAPPER=/export/apps/GCC/gcc-9.3.0-bin/libexec/gcc/x86_64-pc-linux-gnu/9.3.0/lto-wrapper]
  ignore line: [Target: x86_64-pc-linux-gnu]
  ignore line: [Configured with: ../gcc-9.3.0/configure --prefix=/export/apps/GCC/gcc-9.3.0-bin --enable-languages=c c++ fortran --disable-multilib]
  ignore line: [Thread model: posix]
  ignore line: [gcc version 9.3.0 (GCC) ]
  ignore line: [COMPILER_PATH=/export/apps/GCC/gcc-9.3.0-bin/libexec/gcc/x86_64-pc-linux-gnu/9.3.0/:/export/apps/GCC/gcc-9.3.0-bin/libexec/gcc/x86_64-pc-linux-gnu/9.3.0/:/export/apps/GCC/gcc-9.3.0-bin/libexec/gcc/x86_64-pc-linux-gnu/:/export/apps/GCC/gcc-9.3.0-bin/lib/gcc/x86_64-pc-linux-gnu/9.3.0/:/export/apps/GCC/gcc-9.3.0-bin/lib/gcc/x86_64-pc-linux-gnu/]
  ignore line: [LIBRARY_PATH=/export/apps/GCC/gcc-9.3.0-bin/lib/gcc/x86_64-pc-linux-gnu/9.3.0/:/export/apps/GCC/gcc-9.3.0-bin/lib/gcc/x86_64-pc-linux-gnu/9.3.0/../../../../lib64/:/lib/../lib64/:/usr/lib/../lib64/:/export/apps/GCC/gcc-9.3.0-bin/lib/gcc/x86_64-pc-linux-gnu/9.3.0/../../../:/lib/:/usr/lib/]
  ignore line: [COLLECT_GCC_OPTIONS='-v' '-rdynamic' '-o' 'cmTC_7c025' '-shared-libgcc' '-mtune=generic' '-march=x86-64']
  link line: [ /export/apps/GCC/gcc-9.3.0-bin/libexec/gcc/x86_64-pc-linux-gnu/9.3.0/collect2 -plugin /export/apps/GCC/gcc-9.3.0-bin/libexec/gcc/x86_64-pc-linux-gnu/9.3.0/liblto_plugin.so -plugin-opt=/export/apps/GCC/gcc-9.3.0-bin/libexec/gcc/x86_64-pc-linux-gnu/9.3.0/lto-wrapper -plugin-opt=-fresolution=/tmp/cctrZTgz.res -plugin-opt=-pass-through=-lgcc_s -plugin-opt=-pass-through=-lgcc -plugin-opt=-pass-through=-lc -plugin-opt=-pass-through=-lgcc_s -plugin-opt=-pass-through=-lgcc --eh-frame-hdr -m elf_x86_64 -export-dynamic -dynamic-linker /lib64/ld-linux-x86-64.so.2 -o cmTC_7c025 /lib/../lib64/crt1.o /lib/../lib64/crti.o /export/apps/GCC/gcc-9.3.0-bin/lib/gcc/x86_64-pc-linux-gnu/9.3.0/crtbegin.o -L/export/apps/GCC/gcc-9.3.0-bin/lib/gcc/x86_64-pc-linux-gnu/9.3.0 -L/export/apps/GCC/gcc-9.3.0-bin/lib/gcc/x86_64-pc-linux-gnu/9.3.0/../../../../lib64 -L/lib/../lib64 -L/usr/lib/../lib64 -L/export/apps/GCC/gcc-9.3.0-bin/lib/gcc/x86_64-pc-linux-gnu/9.3.0/../../.. CMakeFiles/cmTC_7c025.dir/CMakeCXXCompilerABI.cpp.o -lstdc++ -lm -lgcc_s -lgcc -lc -lgcc_s -lgcc /export/apps/GCC/gcc-9.3.0-bin/lib/gcc/x86_64-pc-linux-gnu/9.3.0/crtend.o /lib/../lib64/crtn.o]
    arg [/export/apps/GCC/gcc-9.3.0-bin/libexec/gcc/x86_64-pc-linux-gnu/9.3.0/collect2] ==> ignore
    arg [-plugin] ==> ignore
    arg [/export/apps/GCC/gcc-9.3.0-bin/libexec/gcc/x86_64-pc-linux-gnu/9.3.0/liblto_plugin.so] ==> ignore
    arg [-plugin-opt=/export/apps/GCC/gcc-9.3.0-bin/libexec/gcc/x86_64-pc-linux-gnu/9.3.0/lto-wrapper] ==> ignore
    arg [-plugin-opt=-fresolution=/tmp/cctrZTgz.res] ==> ignore
    arg [-plugin-opt=-pass-through=-lgcc_s] ==> ignore
    arg [-plugin-opt=-pass-through=-lgcc] ==> ignore
    arg [-plugin-opt=-pass-through=-lc] ==> ignore
    arg [-plugin-opt=-pass-through=-lgcc_s] ==> ignore
    arg [-plugin-opt=-pass-through=-lgcc] ==> ignore
    arg [--eh-frame-hdr] ==> ignore
    arg [-m] ==> ignore
    arg [elf_x86_64] ==> ignore
    arg [-export-dynamic] ==> ignore
    arg [-dynamic-linker] ==> ignore
    arg [/lib64/ld-linux-x86-64.so.2] ==> ignore
    arg [-o] ==> ignore
    arg [cmTC_7c025] ==> ignore
    arg [/lib/../lib64/crt1.o] ==> obj [/lib/../lib64/crt1.o]
    arg [/lib/../lib64/crti.o] ==> obj [/lib/../lib64/crti.o]
    arg [/export/apps/GCC/gcc-9.3.0-bin/lib/gcc/x86_64-pc-linux-gnu/9.3.0/crtbegin.o] ==> obj [/export/apps/GCC/gcc-9.3.0-bin/lib/gcc/x86_64-pc-linux-gnu/9.3.0/crtbegin.o]
    arg [-L/export/apps/GCC/gcc-9.3.0-bin/lib/gcc/x86_64-pc-linux-gnu/9.3.0] ==> dir [/export/apps/GCC/gcc-9.3.0-bin/lib/gcc/x86_64-pc-linux-gnu/9.3.0]
    arg [-L/export/apps/GCC/gcc-9.3.0-bin/lib/gcc/x86_64-pc-linux-gnu/9.3.0/../../../../lib64] ==> dir [/export/apps/GCC/gcc-9.3.0-bin/lib/gcc/x86_64-pc-linux-gnu/9.3.0/../../../../lib64]
    arg [-L/lib/../lib64] ==> dir [/lib/../lib64]
    arg [-L/usr/lib/../lib64] ==> dir [/usr/lib/../lib64]
    arg [-L/export/apps/GCC/gcc-9.3.0-bin/lib/gcc/x86_64-pc-linux-gnu/9.3.0/../../..] ==> dir [/export/apps/GCC/gcc-9.3.0-bin/lib/gcc/x86_64-pc-linux-gnu/9.3.0/../../..]
    arg [CMakeFiles/cmTC_7c025.dir/CMakeCXXCompilerABI.cpp.o] ==> ignore
    arg [-lstdc++] ==> lib [stdc++]
    arg [-lm] ==> lib [m]
    arg [-lgcc_s] ==> lib [gcc_s]
    arg [-lgcc] ==> lib [gcc]
    arg [-lc] ==> lib [c]
    arg [-lgcc_s] ==> lib [gcc_s]
    arg [-lgcc] ==> lib [gcc]
    arg [/export/apps/GCC/gcc-9.3.0-bin/lib/gcc/x86_64-pc-linux-gnu/9.3.0/crtend.o] ==> obj [/export/apps/GCC/gcc-9.3.0-bin/lib/gcc/x86_64-pc-linux-gnu/9.3.0/crtend.o]
    arg [/lib/../lib64/crtn.o] ==> obj [/lib/../lib64/crtn.o]
  collapse obj [/lib/../lib64/crt1.o] ==> [/lib64/crt1.o]
  collapse obj [/lib/../lib64/crti.o] ==> [/lib64/crti.o]
  collapse obj [/lib/../lib64/crtn.o] ==> [/lib64/crtn.o]
  collapse library dir [/export/apps/GCC/gcc-9.3.0-bin/lib/gcc/x86_64-pc-linux-gnu/9.3.0] ==> [/export/apps/GCC/gcc-9.3.0-bin/lib/gcc/x86_64-pc-linux-gnu/9.3.0]
  collapse library dir [/export/apps/GCC/gcc-9.3.0-bin/lib/gcc/x86_64-pc-linux-gnu/9.3.0/../../../../lib64] ==> [/export/apps/GCC/gcc-9.3.0-bin/lib64]
  collapse library dir [/lib/../lib64] ==> [/lib64]
  collapse library dir [/usr/lib/../lib64] ==> [/usr/lib64]
  collapse library dir [/export/apps/GCC/gcc-9.3.0-bin/lib/gcc/x86_64-pc-linux-gnu/9.3.0/../../..] ==> [/export/apps/GCC/gcc-9.3.0-bin/lib]
  implicit libs: [stdc++;m;gcc_s;gcc;c;gcc_s;gcc]
  implicit objs: [/lib64/crt1.o;/lib64/crti.o;/export/apps/GCC/gcc-9.3.0-bin/lib/gcc/x86_64-pc-linux-gnu/9.3.0/crtbegin.o;/export/apps/GCC/gcc-9.3.0-bin/lib/gcc/x86_64-pc-linux-gnu/9.3.0/crtend.o;/lib64/crtn.o]
  implicit dirs: [/export/apps/GCC/gcc-9.3.0-bin/lib/gcc/x86_64-pc-linux-gnu/9.3.0;/export/apps/GCC/gcc-9.3.0-bin/lib64;/lib64;/usr/lib64;/export/apps/GCC/gcc-9.3.0-bin/lib]
  implicit fwks: []


